[INFO ] 2022-07-29 01:21:37.597 [main] BaseClass - Initializing all the Methods
[INFO ] 2022-07-29 01:21:43.497 [main] BaseClass - Setting Up the Browser
[INFO ] 2022-07-29 01:21:43.525 [main] BaseClass - Extent Report Test 9 is created
[INFO ] 2022-07-29 01:21:53.063 [main] BaseClass - Test 1 Matches
[INFO ] 2022-07-29 01:21:58.670 [main] BaseClass - Test 2 Matches
[INFO ] 2022-07-29 01:22:02.359 [main] BaseClass - Test 3 Matches
[INFO ] 2022-07-29 01:22:07.035 [main] BaseClass - Test 4 Matches
[INFO ] 2022-07-29 01:22:17.122 [main] BaseClass - Test 5 Matches
[INFO ] 2022-07-29 01:22:31.764 [main] BaseClass - Test 6 Matches
[INFO ] 2022-07-29 01:22:41.759 [main] BaseClass - Test 7 Matches
[INFO ] 2022-07-29 01:22:48.617 [main] BaseClass - Test 8 Matches
[INFO ] 2022-07-29 01:22:56.938 [main] BaseClass - Test 9 Matches
[INFO ] 2022-07-29 01:23:01.700 [main] BaseClass - Executed all test
[INFO ] 2022-07-29 01:23:02.620 [main] BaseClass - Test Case Passed
[INFO ] 2022-07-29 01:23:03.250 [main] BaseClass - Extent Report Finish
[INFO ] 2022-07-29 17:06:07.804 [main] BaseClass - Initializing all the Methods
[INFO ] 2022-07-29 17:06:17.861 [main] BaseClass - Setting Up the Browser
[INFO ] 2022-07-29 17:06:17.915 [main] BaseClass - Extent Report Test 7 is created
[INFO ] 2022-07-29 17:06:29.302 [main] BaseClass - Test 7 Matches
[INFO ] 2022-07-29 17:06:36.529 [main] BaseClass - Executed all test
[INFO ] 2022-07-29 17:06:37.983 [main] BaseClass - Test Case Passed
[INFO ] 2022-07-29 17:06:38.682 [main] BaseClass - Extent Report Finish
[INFO ] 2022-07-29 17:20:15.868 [main] BaseClass - Initializing all the Methods
[INFO ] 2022-07-29 17:20:25.055 [main] BaseClass - Setting Up the Browser
[INFO ] 2022-07-29 17:20:25.115 [main] BaseClass - Extent Report Test 9 is created
[INFO ] 2022-07-29 17:20:37.642 [main] BaseClass - Test 1 Matches
[INFO ] 2022-07-29 17:20:45.628 [main] BaseClass - Test 2 Matches
[INFO ] 2022-07-29 17:20:51.091 [main] BaseClass - Test 3 Matches
[INFO ] 2022-07-29 17:20:56.818 [main] BaseClass - Test 4 Matches
[INFO ] 2022-07-29 17:21:11.541 [main] BaseClass - Test 5 Matches
[INFO ] 2022-07-29 17:21:29.496 [main] BaseClass - Test 6 Matches
[INFO ] 2022-07-29 17:21:42.967 [main] BaseClass - Test 7 Matches
[INFO ] 2022-07-29 17:21:51.378 [main] BaseClass - Test 8 Matches
[INFO ] 2022-07-29 17:22:03.575 [main] BaseClass - Test 9 Matches
[INFO ] 2022-07-29 17:22:11.048 [main] BaseClass - Executed all test
[INFO ] 2022-07-29 17:22:12.654 [main] BaseClass - Test Case Passed
[INFO ] 2022-07-29 17:22:13.918 [main] BaseClass - Extent Report Finish
[INFO ] 2022-07-29 17:59:14.544 [main] BaseClass - Initializing all the Methods
[INFO ] 2022-07-29 17:59:24.207 [main] BaseClass - Setting Up the Browser
[INFO ] 2022-07-29 17:59:24.292 [main] BaseClass - Extent Report Test 2 is created
[INFO ] 2022-07-29 17:59:35.768 [main] BaseClass - Test 1 Matches
[INFO ] 2022-07-29 17:59:42.149 [main] BaseClass - Executed all test
[INFO ] 2022-07-29 17:59:43.665 [main] BaseClass - Test Case Passed
[INFO ] 2022-07-29 17:59:44.583 [main] BaseClass - Extent Report Finish
[INFO ] 2022-07-29 18:00:04.905 [main] BaseClass - Initializing all the Methods
[INFO ] 2022-07-29 18:00:13.166 [main] BaseClass - Setting Up the Browser
[INFO ] 2022-07-29 18:00:13.236 [main] BaseClass - Extent Report Test 9 is created
[INFO ] 2022-07-29 18:00:24.996 [main] BaseClass - Test 1 Matches
[INFO ] 2022-07-29 18:00:33.303 [main] BaseClass - Test 2 Matches
[INFO ] 2022-07-29 18:00:40.831 [main] BaseClass - Test 3 Matches
[INFO ] 2022-07-29 18:00:46.777 [main] BaseClass - Test 4 Matches
[INFO ] 2022-07-29 18:01:02.890 [main] BaseClass - Test 5 Matches
[INFO ] 2022-07-29 18:01:20.192 [main] BaseClass - Test 6 Matches
[INFO ] 2022-07-29 18:01:33.588 [main] BaseClass - Test 7 Matches
[INFO ] 2022-07-29 18:01:41.604 [main] BaseClass - Test 8 Matches
[INFO ] 2022-07-29 18:01:54.819 [main] BaseClass - Test 9 Matches
[INFO ] 2022-07-29 18:02:01.048 [main] BaseClass - Executed all test
[INFO ] 2022-07-29 18:02:03.619 [main] BaseClass - Test Case Passed
[INFO ] 2022-07-29 18:02:04.930 [main] BaseClass - Extent Report Finish
[INFO ] 2022-07-29 18:10:40.739 [main] BaseClass - Initializing all the Methods
[INFO ] 2022-07-29 18:10:51.350 [main] BaseClass - Setting Up the Browser
[INFO ] 2022-07-29 18:10:51.414 [main] BaseClass - Extent Report Test 9 is created
[WARN ] 2022-07-29 18:10:52.415 [main] BaseClass - This test case failed
[INFO ] 2022-07-29 18:10:53.095 [main] BaseClass - Extent Report Finish
[INFO ] 2022-07-29 18:13:38.143 [main] BaseClass - Initializing all the Methods
[INFO ] 2022-07-29 18:13:47.204 [main] BaseClass - Setting Up the Browser
[INFO ] 2022-07-29 18:13:47.273 [main] BaseClass - Extent Report Test 9 is created
[INFO ] 2022-07-29 18:13:47.299 [main] BaseClass - Extent Report Test 2 is created
[INFO ] 2022-07-29 18:13:58.968 [main] BaseClass - Test 1 Matches
[INFO ] 2022-07-29 18:14:05.124 [main] BaseClass - Executed all test
[INFO ] 2022-07-29 18:14:05.126 [main] BaseClass - Extent Report Test 2 is created
[WARN ] 2022-07-29 18:14:16.442 [main] BaseClass - This test case failed
[INFO ] 2022-07-29 18:14:17.487 [main] BaseClass - Extent Report Finish
[INFO ] 2022-07-29 18:15:36.254 [main] BaseClass - Initializing all the Methods
[INFO ] 2022-07-29 18:15:45.556 [main] BaseClass - Setting Up the Browser
[INFO ] 2022-07-29 18:15:45.713 [main] BaseClass - Extent Report Test 9 is created
[INFO ] 2022-07-29 18:15:45.750 [main] BaseClass - Extent Report Test 2 is created
[INFO ] 2022-07-29 18:15:56.141 [main] BaseClass - Test 1 Matches
[INFO ] 2022-07-29 18:16:01.957 [main] BaseClass - Executed all test
[INFO ] 2022-07-29 18:16:01.961 [main] BaseClass - Extent Report Test 2 is created
[WARN ] 2022-07-29 18:16:13.022 [main] BaseClass - This test case failed
[INFO ] 2022-07-29 18:16:13.960 [main] BaseClass - Extent Report Finish
[INFO ] 2022-07-29 18:18:30.441 [main] BaseClass - Initializing all the Methods
[INFO ] 2022-07-29 18:18:39.557 [main] BaseClass - Setting Up the Browser
[INFO ] 2022-07-29 18:18:39.627 [main] BaseClass - Extent Report Test 9 is created
[INFO ] 2022-07-29 18:18:39.649 [main] BaseClass - Extent Report Test 2 is created
[INFO ] 2022-07-29 18:18:47.998 [main] BaseClass - Test 1 Matches
[INFO ] 2022-07-29 18:18:54.354 [main] BaseClass - Executed all test
[INFO ] 2022-07-29 18:18:54.355 [main] BaseClass - Extent Report Test 2 is created
[WARN ] 2022-07-29 18:18:56.253 [main] BaseClass - This test case failed
[INFO ] 2022-07-29 18:18:57.105 [main] BaseClass - Extent Report Finish
[INFO ] 2022-07-29 18:19:22.395 [main] BaseClass - Initializing all the Methods
[INFO ] 2022-07-29 18:19:29.797 [main] BaseClass - Setting Up the Browser
[INFO ] 2022-07-29 18:19:29.864 [main] BaseClass - Extent Report Test 9 is created
[INFO ] 2022-07-29 18:19:37.769 [main] BaseClass - Test 1 Matches
[WARN ] 2022-07-29 18:19:55.052 [main] BaseClass - This test case failed
[INFO ] 2022-07-29 18:19:56.012 [main] BaseClass - Extent Report Finish
[INFO ] 2022-07-29 18:35:47.525 [main] BaseClass - Initializing all the Methods
[INFO ] 2022-07-29 18:35:54.022 [main] BaseClass - Setting Up the Browser
[INFO ] 2022-07-29 18:35:54.048 [main] BaseClass - Extent Report Test 9 is created
[INFO ] 2022-07-29 18:35:54.056 [main] BaseClass - Extent Report Test 2 is created
[INFO ] 2022-07-29 18:36:00.523 [main] BaseClass - Test 1 Matches
[INFO ] 2022-07-29 18:36:05.215 [main] BaseClass - Executed all test
[INFO ] 2022-07-29 18:36:05.216 [main] BaseClass - Extent Report Test 2 is created
[WARN ] 2022-07-29 18:36:06.665 [main] BaseClass - This test case failed
[INFO ] 2022-07-29 18:36:07.106 [main] BaseClass - Extent Report Finish
[INFO ] 2022-07-29 18:39:07.990 [main] BaseClass - Initializing all the Methods
[INFO ] 2022-07-29 18:39:14.512 [main] BaseClass - Setting Up the Browser
[INFO ] 2022-07-29 18:39:14.543 [main] BaseClass - Extent Report Test 9 is created
[INFO ] 2022-07-29 18:39:14.552 [main] BaseClass - Extent Report Test 2 is created
[INFO ] 2022-07-29 18:39:20.158 [main] BaseClass - Test 1 Matches
[INFO ] 2022-07-29 18:39:24.970 [main] BaseClass - Executed all test
[INFO ] 2022-07-29 18:39:24.972 [main] BaseClass - Extent Report Test 2 is created
[WARN ] 2022-07-29 18:39:26.434 [main] BaseClass - This test case failed
[INFO ] 2022-07-29 18:39:26.986 [main] BaseClass - Extent Report Finish
[INFO ] 2022-07-29 18:50:13.820 [main] BaseClass - Initializing all the Methods
[INFO ] 2022-07-29 18:50:20.676 [main] BaseClass - Setting Up the Browser
[INFO ] 2022-07-29 18:50:20.704 [main] BaseClass - Extent Report Test 9 is created
[INFO ] 2022-07-29 18:50:20.712 [main] BaseClass - Extent Report Test 2 is created
[INFO ] 2022-07-29 18:50:27.987 [main] BaseClass - Test 1 Matches
[INFO ] 2022-07-29 18:50:32.924 [main] BaseClass - Executed all test
[INFO ] 2022-07-29 18:50:32.925 [main] BaseClass - Extent Report Test 2 is created
[WARN ] 2022-07-29 18:50:34.465 [main] BaseClass - This test case failed
[INFO ] 2022-07-29 18:50:35.062 [main] BaseClass - Extent Report Finish
[INFO ] 2022-07-29 18:51:08.301 [main] BaseClass - Initializing all the Methods
[INFO ] 2022-07-29 18:51:13.219 [main] BaseClass - Setting Up the Browser
[INFO ] 2022-07-29 18:51:13.264 [main] BaseClass - Extent Report Test 9 is created
[INFO ] 2022-07-29 18:51:13.284 [main] BaseClass - Extent Report Test 2 is created
[INFO ] 2022-07-29 18:51:17.997 [main] BaseClass - Test 1 Matches
[INFO ] 2022-07-29 18:51:22.702 [main] BaseClass - Executed all test
[INFO ] 2022-07-29 18:51:22.704 [main] BaseClass - Extent Report Test 2 is created
[WARN ] 2022-07-29 18:51:24.134 [main] BaseClass - This test case failed
[INFO ] 2022-07-29 18:51:24.922 [main] BaseClass - Extent Report Finish
[INFO ] 2022-07-29 18:56:48.488 [main] BaseClass - Initializing all the Methods
[INFO ] 2022-07-29 18:56:54.430 [main] BaseClass - Setting Up the Browser
[INFO ] 2022-07-29 18:56:54.453 [main] BaseClass - Extent Report Test 9 is created
[INFO ] 2022-07-29 18:56:54.463 [main] BaseClass - Extent Report Test 2 is created
[INFO ] 2022-07-29 18:56:59.602 [main] BaseClass - Test 1 Matches
[INFO ] 2022-07-29 18:57:04.596 [main] BaseClass - Executed all test
[INFO ] 2022-07-29 18:57:04.597 [main] BaseClass - Extent Report Test 2 is created
[WARN ] 2022-07-29 18:57:06.026 [main] BaseClass - This test case failed
[INFO ] 2022-07-29 18:57:06.504 [main] BaseClass - Extent Report Finish
[INFO ] 2022-07-29 19:09:26.994 [main] BaseClass - Initializing all the Methods
[INFO ] 2022-07-29 19:09:36.689 [main] BaseClass - Setting Up the Browser
[INFO ] 2022-07-29 19:09:36.759 [main] BaseClass - Extent Report Test 9 is created
[INFO ] 2022-07-29 19:09:36.805 [main] BaseClass - Extent Report Test 2 is created
[INFO ] 2022-07-29 19:10:25.542 [main] BaseClass - Extent Report Finish
[INFO ] 2022-07-29 19:10:40.021 [main] BaseClass - Initializing all the Methods
[INFO ] 2022-07-29 19:10:50.304 [main] BaseClass - Setting Up the Browser
[INFO ] 2022-07-29 19:10:50.382 [main] BaseClass - Extent Report Test 9 is created
[INFO ] 2022-07-29 19:10:50.405 [main] BaseClass - Extent Report Test 2 is created
[INFO ] 2022-07-29 19:11:00.993 [main] BaseClass - Test 1 Matches
[INFO ] 2022-07-29 19:11:07.418 [main] BaseClass - Executed all test
[INFO ] 2022-07-29 19:11:07.431 [main] BaseClass - Extent Report Test 2 is created
[WARN ] 2022-07-29 19:11:09.180 [main] BaseClass - This test case failed
[INFO ] 2022-07-29 19:11:09.992 [main] BaseClass - Extent Report Finish
[INFO ] 2022-07-29 19:11:51.299 [main] BaseClass - Initializing all the Methods
[INFO ] 2022-07-29 19:11:58.146 [main] BaseClass - Setting Up the Browser
[INFO ] 2022-07-29 19:11:58.211 [main] BaseClass - Extent Report Test 9 is created
[INFO ] 2022-07-29 19:11:58.235 [main] BaseClass - Extent Report Test 2 is created
[INFO ] 2022-07-29 19:12:07.774 [main] BaseClass - Test 1 Matches
[INFO ] 2022-07-29 19:12:13.948 [main] BaseClass - Executed all test
[INFO ] 2022-07-29 19:12:13.951 [main] BaseClass - Extent Report Test 2 is created
[WARN ] 2022-07-29 19:12:15.974 [main] BaseClass - This test case failed
[INFO ] 2022-07-29 19:12:16.869 [main] BaseClass - Extent Report Finish
[INFO ] 2022-07-29 19:23:10.565 [main] BaseClass - Initializing all the Methods
[INFO ] 2022-07-29 19:23:17.246 [main] BaseClass - Setting Up the Browser
[INFO ] 2022-07-29 19:23:17.318 [main] BaseClass - Extent Report Test 9 is created
[INFO ] 2022-07-29 19:23:17.348 [main] BaseClass - Extent Report Test 2 is created
[INFO ] 2022-07-29 19:23:28.928 [main] BaseClass - Test 1 Matches
[INFO ] 2022-07-29 19:23:35.858 [main] BaseClass - Executed all test
[INFO ] 2022-07-29 19:23:35.876 [main] BaseClass - Extent Report Test 2 is created
[WARN ] 2022-07-29 19:23:37.771 [main] BaseClass - This test case failed
[INFO ] 2022-07-29 19:23:38.660 [main] BaseClass - Extent Report Finish
[INFO ] 2022-07-29 19:25:54.837 [main] BaseClass - Initializing all the Methods
[INFO ] 2022-07-29 19:26:03.396 [main] BaseClass - Setting Up the Browser
[INFO ] 2022-07-29 19:26:03.473 [main] BaseClass - Extent Report Test 2 is created
[INFO ] 2022-07-29 19:26:05.485 [main] BaseClass - Test 2 Matches
[INFO ] 2022-07-29 19:26:05.485 [main] BaseClass - Executed all test
[INFO ] 2022-07-29 19:26:13.260 [main] BaseClass - Test Case Passed
[INFO ] 2022-07-29 19:26:14.025 [main] BaseClass - Extent Report Finish
[INFO ] 2022-07-29 19:26:42.297 [main] BaseClass - Initializing all the Methods
[INFO ] 2022-07-29 19:26:51.933 [main] BaseClass - Setting Up the Browser
[INFO ] 2022-07-29 19:26:52.008 [main] BaseClass - Extent Report Test 9 is created
[INFO ] 2022-07-29 19:26:52.027 [main] BaseClass - Extent Report Test 2 is created
[INFO ] 2022-07-29 19:27:00.631 [main] BaseClass - Test 1 Matches
[INFO ] 2022-07-29 19:27:06.825 [main] BaseClass - Executed all test
[INFO ] 2022-07-29 19:27:06.827 [main] BaseClass - Extent Report Test 2 is created
[WARN ] 2022-07-29 19:27:18.198 [main] BaseClass - This test case failed
[INFO ] 2022-07-29 19:27:19.114 [main] BaseClass - Extent Report Finish
[INFO ] 2022-07-29 19:29:49.103 [main] BaseClass - Initializing all the Methods
[INFO ] 2022-07-29 19:29:55.174 [main] BaseClass - Setting Up the Browser
[INFO ] 2022-07-29 19:29:55.446 [main] BaseClass - Extent Report Test 2 is created
[INFO ] 2022-07-29 19:30:05.349 [main] BaseClass - Initializing all the Methods
[INFO ] 2022-07-29 19:30:06.086 [main] BaseClass - Extent Report Finish
[INFO ] 2022-07-29 19:30:14.443 [main] BaseClass - Setting Up the Browser
[INFO ] 2022-07-29 19:30:14.501 [main] BaseClass - Extent Report Test 2 is created
[INFO ] 2022-07-29 19:30:24.612 [main] BaseClass - Test 1 Matches
[INFO ] 2022-07-29 19:30:32.963 [main] BaseClass - Test 2 Matches
[INFO ] 2022-07-29 19:30:32.964 [main] BaseClass - Executed all test
[INFO ] 2022-07-29 19:30:38.948 [main] BaseClass - Test Case Passed
[INFO ] 2022-07-29 19:30:39.845 [main] BaseClass - Extent Report Finish
[INFO ] 2022-07-29 19:30:55.937 [main] BaseClass - Initializing all the Methods
[INFO ] 2022-07-29 19:31:01.308 [main] BaseClass - Setting Up the Browser
[INFO ] 2022-07-29 19:31:01.469 [main] BaseClass - Extent Report Test 9 is created
[INFO ] 2022-07-29 19:31:01.497 [main] BaseClass - Extent Report Test 2 is created
[INFO ] 2022-07-29 19:31:01.746 [main] BaseClass - Extent Report Finish
[INFO ] 2022-07-29 19:32:12.148 [main] BaseClass - Initializing all the Methods
[INFO ] 2022-07-29 19:32:18.524 [main] BaseClass - Setting Up the Browser
[INFO ] 2022-07-29 19:32:18.600 [main] BaseClass - Extent Report Test 9 is created
[INFO ] 2022-07-29 19:32:18.625 [main] BaseClass - Extent Report Test 2 is created
[INFO ] 2022-07-29 19:32:29.184 [main] BaseClass - Test 1 Matches
[INFO ] 2022-07-29 19:32:35.532 [main] BaseClass - Executed all test
[INFO ] 2022-07-29 19:32:35.533 [main] BaseClass - Extent Report Test 2 is created
[WARN ] 2022-07-29 19:32:37.443 [main] BaseClass - This test case failed
[INFO ] 2022-07-29 19:32:38.374 [main] BaseClass - Extent Report Finish
[INFO ] 2022-07-29 19:34:08.539 [main] BaseClass - Initializing all the Methods
[INFO ] 2022-07-29 19:34:17.867 [main] BaseClass - Setting Up the Browser
[INFO ] 2022-07-29 19:34:17.921 [main] BaseClass - Extent Report Test 9 is created
[INFO ] 2022-07-29 19:34:17.945 [main] BaseClass - Extent Report Test 2 is created
[INFO ] 2022-07-29 19:34:29.774 [main] BaseClass - Test 1 Matches
[INFO ] 2022-07-29 19:34:35.845 [main] BaseClass - Executed all test
[INFO ] 2022-07-29 19:34:35.846 [main] BaseClass - Extent Report Test 2 is created
[WARN ] 2022-07-29 19:34:37.908 [main] BaseClass - This test case failed
[INFO ] 2022-07-29 19:34:38.795 [main] BaseClass - Extent Report Finish
[INFO ] 2022-07-29 19:35:05.717 [main] BaseClass - Initializing all the Methods
[INFO ] 2022-07-29 19:35:13.080 [main] BaseClass - Setting Up the Browser
[INFO ] 2022-07-29 19:35:13.138 [main] BaseClass - Extent Report Test 9 is created
[INFO ] 2022-07-29 19:35:22.037 [main] BaseClass - Test 1 Matches
[INFO ] 2022-07-29 19:35:35.010 [main] BaseClass - Test 2 Matches
[WARN ] 2022-07-29 19:35:51.618 [main] BaseClass - This test case failed
[INFO ] 2022-07-29 19:35:52.618 [main] BaseClass - Extent Report Finish
[INFO ] 2022-07-29 19:37:38.741 [main] BaseClass - Initializing all the Methods
[INFO ] 2022-07-29 19:37:46.447 [main] BaseClass - Setting Up the Browser
[INFO ] 2022-07-29 19:37:46.512 [main] BaseClass - Extent Report Test 9 is created
[INFO ] 2022-07-29 19:37:56.339 [main] BaseClass - Test 1 Matches
[INFO ] 2022-07-29 19:38:09.189 [main] BaseClass - Test 2 Matches
[WARN ] 2022-07-29 19:38:28.717 [main] BaseClass - This test case failed
[INFO ] 2022-07-29 19:38:29.767 [main] BaseClass - Extent Report Finish
[INFO ] 2022-07-29 19:40:56.236 [main] BaseClass - Initializing all the Methods
[INFO ] 2022-07-29 19:41:06.139 [main] BaseClass - Setting Up the Browser
[INFO ] 2022-07-29 19:41:06.252 [main] BaseClass - Extent Report Test 9 is created
[INFO ] 2022-07-29 19:41:16.534 [main] BaseClass - Test 1 Matches
[WARN ] 2022-07-29 19:41:39.616 [main] BaseClass - This test case failed
[INFO ] 2022-07-29 19:41:40.655 [main] BaseClass - Extent Report Finish
[INFO ] 2022-07-29 19:42:25.309 [main] BaseClass - Initializing all the Methods
[INFO ] 2022-07-29 19:42:32.199 [main] BaseClass - Setting Up the Browser
[INFO ] 2022-07-29 19:42:32.264 [main] BaseClass - Extent Report Test 9 is created
[INFO ] 2022-07-29 19:42:40.725 [main] BaseClass - Test 1 Matches
[INFO ] 2022-07-29 19:42:54.827 [main] BaseClass - Test 2 Matches
[INFO ] 2022-07-29 19:43:09.487 [main] BaseClass - Test 4 Matches
[INFO ] 2022-07-29 19:43:25.426 [main] BaseClass - Test 5 Matches
[INFO ] 2022-07-29 19:43:43.560 [main] BaseClass - Test 6 Matches
[INFO ] 2022-07-29 19:43:57.120 [main] BaseClass - Test 7 Matches
[INFO ] 2022-07-29 19:44:05.910 [main] BaseClass - Test 8 Matches
[INFO ] 2022-07-29 19:44:18.666 [main] BaseClass - Test 9 Matches
[INFO ] 2022-07-29 19:44:25.036 [main] BaseClass - Executed all test
[INFO ] 2022-07-29 19:44:26.818 [main] BaseClass - Test Case Passed
[INFO ] 2022-07-29 19:44:28.382 [main] BaseClass - Extent Report Finish
[INFO ] 2022-07-29 22:47:35.145 [main] BaseClass - Initializing all the Methods
[INFO ] 2022-07-29 22:47:44.211 [main] BaseClass - Setting Up the Browser
[INFO ] 2022-07-29 22:47:44.272 [main] BaseClass - Extent Report Test 9 is created
[INFO ] 2022-07-29 22:47:44.288 [main] BaseClass - Extent Report Test 2 is created
[INFO ] 2022-07-29 22:47:59.581 [main] BaseClass - Test 1 Matches
[INFO ] 2022-07-29 22:48:05.184 [main] BaseClass - Executed all test
[INFO ] 2022-07-29 22:48:05.186 [main] BaseClass - Extent Report Test 2 is created
[INFO ] 2022-07-29 22:48:11.363 [main] BaseClass - Test 1 Matches
[WARN ] 2022-07-29 22:48:31.996 [main] BaseClass - This test case failed
[INFO ] 2022-07-29 22:48:32.531 [main] BaseClass - Extent Report Finish
[INFO ] 2022-07-29 22:56:21.279 [main] BaseClass - Initializing all the Methods
[INFO ] 2022-07-29 22:56:27.121 [main] BaseClass - Setting Up the Browser
[INFO ] 2022-07-29 22:56:27.150 [main] BaseClass - Extent Report Test 9 is created
[INFO ] 2022-07-29 22:56:27.159 [main] BaseClass - Extent Report Test 2 is created
[INFO ] 2022-07-29 22:56:32.561 [main] BaseClass - Test 1 Matches
[INFO ] 2022-07-29 22:56:37.443 [main] BaseClass - Executed all test
[INFO ] 2022-07-29 22:56:37.444 [main] BaseClass - Extent Report Test 2 is created
[WARN ] 2022-07-29 22:56:38.838 [main] BaseClass - This test case failed
[INFO ] 2022-07-29 22:56:39.273 [main] BaseClass - Extent Report Finish
[INFO ] 2022-07-29 22:58:14.503 [main] BaseClass - Initializing all the Methods
[INFO ] 2022-07-29 22:58:17.980 [main] BaseClass - Setting Up the Browser
[INFO ] 2022-07-29 22:58:18.006 [main] BaseClass - Extent Report Test 9 is created
[INFO ] 2022-07-29 22:58:18.015 [main] BaseClass - Extent Report Test 2 is created
[INFO ] 2022-07-29 22:58:24.293 [main] BaseClass - Test 1 Matches
[INFO ] 2022-07-29 22:58:29.286 [main] BaseClass - Executed all test
[INFO ] 2022-07-29 22:58:29.287 [main] BaseClass - Extent Report Test 2 is created
[WARN ] 2022-07-29 22:58:30.700 [main] BaseClass - This test case failed
[INFO ] 2022-07-29 22:58:31.189 [main] BaseClass - Extent Report Finish
[INFO ] 2022-07-29 22:59:13.600 [main] BaseClass - Initializing all the Methods
[INFO ] 2022-07-29 22:59:18.197 [main] BaseClass - Setting Up the Browser
[INFO ] 2022-07-29 22:59:18.228 [main] BaseClass - Extent Report Test 9 is created
[INFO ] 2022-07-29 22:59:23.095 [main] BaseClass - Test 1 Matches
[INFO ] 2022-07-29 22:59:33.669 [main] BaseClass - Test 2 Matches
[INFO ] 2022-07-29 22:59:44.192 [main] BaseClass - Test 4 Matches
[INFO ] 2022-07-29 22:59:54.912 [main] BaseClass - Test 5 Matches
[INFO ] 2022-07-29 23:00:10.004 [main] BaseClass - Test 6 Matches
[INFO ] 2022-07-29 23:00:22.145 [main] BaseClass - Test 7 Matches
[INFO ] 2022-07-29 23:00:28.932 [main] BaseClass - Test 8 Matches
[INFO ] 2022-07-29 23:00:37.086 [main] BaseClass - Test 9 Matches
[INFO ] 2022-07-29 23:00:41.840 [main] BaseClass - Executed all test
[INFO ] 2022-07-29 23:00:42.683 [main] BaseClass - Test Case Passed
[INFO ] 2022-07-29 23:00:43.284 [main] BaseClass - Extent Report Finish
[INFO ] 2022-07-29 23:09:03.125 [main] BaseClass - Initializing all the Methods
[INFO ] 2022-07-29 23:09:09.362 [main] BaseClass - Setting Up the Browser
[INFO ] 2022-07-29 23:09:09.388 [main] BaseClass - Extent Report Test 9 is created
[INFO ] 2022-07-29 23:09:09.388 [main] BaseClass - Extent Report Test 8 is created
[INFO ] 2022-07-29 23:09:17.889 [main] BaseClass - Test 1 Matches
[INFO ] 2022-07-29 23:09:29.063 [main] BaseClass - Test 2 Matches
[INFO ] 2022-07-29 23:09:39.409 [main] BaseClass - Test 4 Matches
[INFO ] 2022-07-29 23:09:49.661 [main] BaseClass - Test 5 Matches
[INFO ] 2022-07-29 23:10:44.041 [main] BaseClass - Test 6 Matches
[INFO ] 2022-07-29 23:13:21.010 [main] BaseClass - Test 7 Matches
[INFO ] 2022-07-29 23:13:30.262 [main] BaseClass - Test 8 Matches
[INFO ] 2022-07-29 23:13:41.350 [main] BaseClass - Test 9 Matches
[INFO ] 2022-07-29 23:13:47.113 [main] BaseClass - Executed all test
[INFO ] 2022-07-29 23:13:48.493 [main] BaseClass - Test Case Passed
[INFO ] 2022-07-29 23:13:49.791 [main] BaseClass - Extent Report Finish
[INFO ] 2022-07-29 23:56:02.508 [main] BaseClass - Initializing all the Methods
[INFO ] 2022-07-29 23:56:14.756 [main] BaseClass - Setting Up the Browser
[INFO ] 2022-07-29 23:56:25.125 [main] BaseClass - Test 1 Matches
[INFO ] 2022-07-29 23:56:38.395 [main] BaseClass - Test 2 Matches
[INFO ] 2022-07-29 23:56:51.683 [main] BaseClass - Test 4 Matches
[WARN ] 2022-07-29 23:57:14.563 [main] BaseClass - This test case failed
[INFO ] 2022-07-29 23:57:15.466 [main] BaseClass - Extent Report Finish
[INFO ] 2022-07-30 03:48:45.220 [main] BaseClass - Initializing all the Methods
[INFO ] 2022-07-30 03:48:53.535 [main] BaseClass - Setting Up the Browser
[INFO ] 2022-07-30 03:49:07.384 [main] BaseClass - Test 1 Matches
[INFO ] 2022-07-30 03:49:29.306 [main] BaseClass - Extent Report Finish
[INFO ] 2022-07-30 03:51:46.069 [main] BaseClass - Initializing all the Methods
[INFO ] 2022-07-30 03:51:51.749 [main] BaseClass - Setting Up the Browser
[INFO ] 2022-07-30 03:51:51.824 [main] BaseClass - Extent Report Test 1 is created
[INFO ] 2022-07-30 03:51:51.839 [main] BaseClass - Extent Report Test 2 is created
[INFO ] 2022-07-30 03:51:51.841 [main] BaseClass - Extent Report Test 3 is created
[INFO ] 2022-07-30 03:51:51.841 [main] BaseClass - Extent Report Test 4 is created
[INFO ] 2022-07-30 03:51:51.842 [main] BaseClass - Extent Report Test 5 is created
[INFO ] 2022-07-30 03:51:51.843 [main] BaseClass - Extent Report Test 6 is created
[INFO ] 2022-07-30 03:51:51.844 [main] BaseClass - Extent Report Test 7 is created
[INFO ] 2022-07-30 03:51:51.845 [main] BaseClass - Extent Report Test 8 is created
[INFO ] 2022-07-30 03:51:51.846 [main] BaseClass - Extent Report Test 9 is created
[INFO ] 2022-07-30 03:52:00.542 [main] BaseClass - Test 1 Matches
[WARN ] 2022-07-30 03:52:22.999 [main] BaseClass - This test case failed
[INFO ] 2022-07-30 03:52:23.714 [main] BaseClass - Extent Report Finish
[INFO ] 2022-07-30 03:55:24.932 [main] BaseClass - Initializing all the Methods
[INFO ] 2022-07-30 03:55:32.924 [main] BaseClass - Setting Up the Browser
[INFO ] 2022-07-30 03:55:32.987 [main] BaseClass - Extent Report Test 1 is created
[INFO ] 2022-07-30 03:55:33.006 [main] BaseClass - Extent Report Test 2 is created
[INFO ] 2022-07-30 03:55:33.008 [main] BaseClass - Extent Report Test 3 is created
[INFO ] 2022-07-30 03:55:33.009 [main] BaseClass - Extent Report Test 4 is created
[INFO ] 2022-07-30 03:55:33.010 [main] BaseClass - Extent Report Test 5 is created
[INFO ] 2022-07-30 03:55:33.012 [main] BaseClass - Extent Report Test 6 is created
[INFO ] 2022-07-30 03:55:33.012 [main] BaseClass - Extent Report Test 7 is created
[INFO ] 2022-07-30 03:55:33.014 [main] BaseClass - Extent Report Test 8 is created
[INFO ] 2022-07-30 03:55:33.015 [main] BaseClass - Extent Report Test 9 is created
[INFO ] 2022-07-30 03:55:44.020 [main] BaseClass - Test 1 Matches
[WARN ] 2022-07-30 03:56:01.605 [main] BaseClass - This test case failed
[INFO ] 2022-07-30 03:56:02.449 [main] BaseClass - Extent Report Finish
[INFO ] 2022-07-30 03:56:38.408 [main] BaseClass - Initializing all the Methods
[INFO ] 2022-07-30 03:56:46.487 [main] BaseClass - Setting Up the Browser
[INFO ] 2022-07-30 03:56:46.596 [main] BaseClass - Extent Report Test 1 is created
[INFO ] 2022-07-30 03:56:46.630 [main] BaseClass - Extent Report Test 2 is created
[INFO ] 2022-07-30 03:56:46.634 [main] BaseClass - Extent Report Test 3 is created
[INFO ] 2022-07-30 03:56:46.635 [main] BaseClass - Extent Report Test 4 is created
[INFO ] 2022-07-30 03:56:46.637 [main] BaseClass - Extent Report Test 5 is created
[INFO ] 2022-07-30 03:56:46.639 [main] BaseClass - Extent Report Test 6 is created
[INFO ] 2022-07-30 03:56:46.639 [main] BaseClass - Extent Report Test 7 is created
[INFO ] 2022-07-30 03:56:46.641 [main] BaseClass - Extent Report Test 8 is created
[INFO ] 2022-07-30 03:56:46.643 [main] BaseClass - Extent Report Test 9 is created
[INFO ] 2022-07-30 03:56:54.847 [main] BaseClass - Test 1 Matches
[INFO ] 2022-07-30 03:57:05.052 [main] BaseClass - Test 2 Matches
[INFO ] 2022-07-30 03:57:16.807 [main] BaseClass - Test 4 Matches
[INFO ] 2022-07-30 03:57:30.687 [main] BaseClass - Test 5 Matches
[INFO ] 2022-07-30 03:57:47.652 [main] BaseClass - Test 6 Matches
[INFO ] 2022-07-30 03:58:00.906 [main] BaseClass - Test 7 Matches
[INFO ] 2022-07-30 03:58:08.983 [main] BaseClass - Test 8 Matches
[INFO ] 2022-07-30 03:58:19.669 [main] BaseClass - Test 9 Matches
[INFO ] 2022-07-30 03:58:26.703 [main] BaseClass - Test Case Passed
[INFO ] 2022-07-30 03:58:27.785 [main] BaseClass - Extent Report Finish
[INFO ] 2022-07-30 04:06:55.173 [main] BaseClass - Initializing all the Methods
[INFO ] 2022-07-30 04:07:03.300 [main] BaseClass - Setting Up the Browser
[INFO ] 2022-07-30 04:07:03.356 [main] BaseClass - Extent Report Test 1 is created
[INFO ] 2022-07-30 04:07:03.374 [main] BaseClass - Extent Report Test 2 is created
[INFO ] 2022-07-30 04:07:03.376 [main] BaseClass - Extent Report Test 3 is created
[INFO ] 2022-07-30 04:07:03.377 [main] BaseClass - Extent Report Test 4 is created
[INFO ] 2022-07-30 04:07:03.378 [main] BaseClass - Extent Report Test 5 is created
[INFO ] 2022-07-30 04:07:03.380 [main] BaseClass - Extent Report Test 6 is created
[INFO ] 2022-07-30 04:07:03.381 [main] BaseClass - Extent Report Test 7 is created
[INFO ] 2022-07-30 04:07:03.382 [main] BaseClass - Extent Report Test 8 is created
[INFO ] 2022-07-30 04:07:03.383 [main] BaseClass - Extent Report Test 9 is created
[INFO ] 2022-07-30 04:07:13.504 [main] BaseClass - Test 1 Matches
[INFO ] 2022-07-30 04:07:24.327 [main] BaseClass - Test 2 Matches
[INFO ] 2022-07-30 04:07:46.378 [main] BaseClass - Test 4 Matches
[INFO ] 2022-07-30 04:08:01.011 [main] BaseClass - Test 5 Matches
[INFO ] 2022-07-30 04:08:18.189 [main] BaseClass - Test 6 Matches
[INFO ] 2022-07-30 04:08:31.318 [main] BaseClass - Test 7 Matches
[INFO ] 2022-07-30 04:08:39.081 [main] BaseClass - Test 8 Matches
[INFO ] 2022-07-30 04:08:49.655 [main] BaseClass - Test 9 Matches
[INFO ] 2022-07-30 04:08:57.157 [main] BaseClass - Test Case Passed
[INFO ] 2022-07-30 04:08:58.190 [main] BaseClass - Extent Report Finish
[INFO ] 2022-07-30 04:21:55.745 [main] BaseClass - Initializing all the Methods
[INFO ] 2022-07-30 04:22:04.683 [main] BaseClass - Setting Up the Browser
[INFO ] 2022-07-30 04:22:04.789 [main] BaseClass - Extent Report Test 1 is created
[INFO ] 2022-07-30 04:22:04.809 [main] BaseClass - Extent Report Test 2 is created
[INFO ] 2022-07-30 04:22:04.811 [main] BaseClass - Extent Report Test 3 is created
[INFO ] 2022-07-30 04:22:04.812 [main] BaseClass - Extent Report Test 4 is created
[INFO ] 2022-07-30 04:22:04.814 [main] BaseClass - Extent Report Test 5 is created
[INFO ] 2022-07-30 04:22:04.815 [main] BaseClass - Extent Report Test 6 is created
[INFO ] 2022-07-30 04:22:04.816 [main] BaseClass - Extent Report Test 7 is created
[INFO ] 2022-07-30 04:22:04.817 [main] BaseClass - Extent Report Test 8 is created
[INFO ] 2022-07-30 04:22:04.818 [main] BaseClass - Extent Report Test 9 is created
[INFO ] 2022-07-30 04:22:15.445 [main] BaseClass - Test 1 Matches
[INFO ] 2022-07-30 04:22:36.547 [main] BaseClass - Test 2 Matches
[INFO ] 2022-07-30 04:23:01.697 [main] BaseClass - Test 4 Matches
[WARN ] 2022-07-30 04:23:23.006 [main] BaseClass - This test case failed
[INFO ] 2022-07-30 04:23:23.947 [main] BaseClass - Extent Report Finish
[INFO ] 2022-07-30 04:24:50.083 [main] BaseClass - Initializing all the Methods
[INFO ] 2022-07-30 04:24:58.497 [main] BaseClass - Setting Up the Browser
[INFO ] 2022-07-30 04:24:58.571 [main] BaseClass - Extent Report Test 1 is created
[INFO ] 2022-07-30 04:24:58.588 [main] BaseClass - Extent Report Test 2 is created
[INFO ] 2022-07-30 04:24:58.589 [main] BaseClass - Extent Report Test 3 is created
[INFO ] 2022-07-30 04:24:58.591 [main] BaseClass - Extent Report Test 4 is created
[INFO ] 2022-07-30 04:24:58.592 [main] BaseClass - Extent Report Test 5 is created
[INFO ] 2022-07-30 04:24:58.593 [main] BaseClass - Extent Report Test 6 is created
[INFO ] 2022-07-30 04:24:58.594 [main] BaseClass - Extent Report Test 7 is created
[INFO ] 2022-07-30 04:24:58.595 [main] BaseClass - Extent Report Test 8 is created
[INFO ] 2022-07-30 04:24:58.596 [main] BaseClass - Extent Report Test 9 is created
[INFO ] 2022-07-30 04:25:06.830 [main] BaseClass - Test 1 Matches
[INFO ] 2022-07-30 04:25:17.139 [main] BaseClass - Test 2 Matches
[INFO ] 2022-07-30 04:25:40.033 [main] BaseClass - Test 4 Matches
[INFO ] 2022-07-30 04:25:51.260 [main] BaseClass - Test 5 Matches
[INFO ] 2022-07-30 04:26:07.013 [main] BaseClass - Test 6 Matches
[INFO ] 2022-07-30 04:26:18.041 [main] BaseClass - Test 7 Matches
[INFO ] 2022-07-30 04:26:24.803 [main] BaseClass - Test 8 Matches
[INFO ] 2022-07-30 04:26:33.503 [main] BaseClass - Test 9 Matches
[INFO ] 2022-07-30 04:26:38.850 [main] BaseClass - Test Case Passed
[INFO ] 2022-07-30 04:26:39.478 [main] BaseClass - Extent Report Finish
[INFO ] 2022-07-30 04:33:52.592 [main] BaseClass - Initializing all the Methods
[INFO ] 2022-07-30 04:33:58.482 [main] BaseClass - Setting Up the Browser
[INFO ] 2022-07-30 04:33:58.529 [main] BaseClass - Extent Report Test 1 is created
[INFO ] 2022-07-30 04:33:58.537 [main] BaseClass - Extent Report Test 2 is created
[INFO ] 2022-07-30 04:33:58.538 [main] BaseClass - Extent Report Test 3 is created
[INFO ] 2022-07-30 04:33:58.538 [main] BaseClass - Extent Report Test 4 is created
[INFO ] 2022-07-30 04:33:58.539 [main] BaseClass - Extent Report Test 5 is created
[INFO ] 2022-07-30 04:33:58.539 [main] BaseClass - Extent Report Test 6 is created
[INFO ] 2022-07-30 04:33:58.540 [main] BaseClass - Extent Report Test 7 is created
[INFO ] 2022-07-30 04:33:58.540 [main] BaseClass - Extent Report Test 8 is created
[INFO ] 2022-07-30 04:33:58.540 [main] BaseClass - Extent Report Test 9 is created
[INFO ] 2022-07-30 04:34:05.780 [main] BaseClass - Test 1 Matches
[INFO ] 2022-07-30 04:34:10.718 [main] BaseClass - Test 4 Matches
[INFO ] 2022-07-30 04:34:20.589 [main] BaseClass - Test 5 Matches
[INFO ] 2022-07-30 04:34:35.485 [main] BaseClass - Test 6 Matches
[INFO ] 2022-07-30 04:34:45.673 [main] BaseClass - Test 7 Matches
[INFO ] 2022-07-30 04:34:52.539 [main] BaseClass - Test 8 Matches
[INFO ] 2022-07-30 04:35:00.770 [main] BaseClass - Test 9 Matches
[INFO ] 2022-07-30 04:35:19.155 [main] BaseClass - Test 2 Matches
[INFO ] 2022-07-30 04:35:38.894 [main] BaseClass - Test Case Passed
[INFO ] 2022-07-30 04:35:39.637 [main] BaseClass - Extent Report Finish
[INFO ] 2022-07-30 11:10:38.441 [main] BaseClass - Initializing all the Methods
[INFO ] 2022-07-30 11:10:44.387 [main] BaseClass - Setting Up the Browser
[INFO ] 2022-07-30 11:10:44.412 [main] BaseClass - Extent Report Test 1 is created
[INFO ] 2022-07-30 11:10:44.419 [main] BaseClass - Extent Report Test 2 is created
[INFO ] 2022-07-30 11:10:44.420 [main] BaseClass - Extent Report Test 3 is created
[INFO ] 2022-07-30 11:10:44.420 [main] BaseClass - Extent Report Test 4 is created
[INFO ] 2022-07-30 11:10:44.421 [main] BaseClass - Extent Report Test 5 is created
[INFO ] 2022-07-30 11:10:44.421 [main] BaseClass - Extent Report Test 6 is created
[INFO ] 2022-07-30 11:10:44.421 [main] BaseClass - Extent Report Test 7 is created
[INFO ] 2022-07-30 11:10:44.422 [main] BaseClass - Extent Report Test 8 is created
[INFO ] 2022-07-30 11:10:44.422 [main] BaseClass - Extent Report Test 9 is created
[INFO ] 2022-07-30 11:10:51.368 [main] BaseClass - Test 1 Matches
[WARN ] 2022-07-30 11:10:57.641 [main] BaseClass - This test case failed
[INFO ] 2022-07-30 11:10:58.207 [main] BaseClass - Extent Report Finish
[INFO ] 2022-07-30 11:11:32.894 [main] BaseClass - Initializing all the Methods
[INFO ] 2022-07-30 11:11:38.578 [main] BaseClass - Setting Up the Browser
[INFO ] 2022-07-30 11:11:38.617 [main] BaseClass - Extent Report Test 1 is created
[INFO ] 2022-07-30 11:11:38.627 [main] BaseClass - Extent Report Test 2 is created
[INFO ] 2022-07-30 11:11:38.628 [main] BaseClass - Extent Report Test 3 is created
[INFO ] 2022-07-30 11:11:38.629 [main] BaseClass - Extent Report Test 4 is created
[INFO ] 2022-07-30 11:11:38.629 [main] BaseClass - Extent Report Test 5 is created
[INFO ] 2022-07-30 11:11:38.630 [main] BaseClass - Extent Report Test 6 is created
[INFO ] 2022-07-30 11:11:38.630 [main] BaseClass - Extent Report Test 7 is created
[INFO ] 2022-07-30 11:11:38.631 [main] BaseClass - Extent Report Test 8 is created
[INFO ] 2022-07-30 11:11:38.631 [main] BaseClass - Extent Report Test 9 is created
[INFO ] 2022-07-30 11:11:43.993 [main] BaseClass - Test 1 Matches
[WARN ] 2022-07-30 11:11:50.142 [main] BaseClass - This test case failed
[INFO ] 2022-07-30 11:11:50.632 [main] BaseClass - Extent Report Finish
[INFO ] 2022-07-30 11:12:13.166 [main] BaseClass - Initializing all the Methods
[INFO ] 2022-07-30 11:12:17.416 [main] BaseClass - Setting Up the Browser
[INFO ] 2022-07-30 11:12:17.449 [main] BaseClass - Extent Report Test 1 is created
[INFO ] 2022-07-30 11:12:17.456 [main] BaseClass - Extent Report Test 2 is created
[INFO ] 2022-07-30 11:12:17.457 [main] BaseClass - Extent Report Test 3 is created
[INFO ] 2022-07-30 11:12:17.458 [main] BaseClass - Extent Report Test 4 is created
[INFO ] 2022-07-30 11:12:17.458 [main] BaseClass - Extent Report Test 5 is created
[INFO ] 2022-07-30 11:12:17.458 [main] BaseClass - Extent Report Test 6 is created
[INFO ] 2022-07-30 11:12:17.459 [main] BaseClass - Extent Report Test 7 is created
[INFO ] 2022-07-30 11:12:17.459 [main] BaseClass - Extent Report Test 8 is created
[INFO ] 2022-07-30 11:12:17.459 [main] BaseClass - Extent Report Test 9 is created
[INFO ] 2022-07-30 11:12:22.771 [main] BaseClass - Test 1 Matches
[WARN ] 2022-07-30 11:12:28.883 [main] BaseClass - This test case failed
[INFO ] 2022-07-30 11:12:29.399 [main] BaseClass - Extent Report Finish
[INFO ] 2022-07-30 11:14:10.233 [main] BaseClass - Initializing all the Methods
[INFO ] 2022-07-30 11:14:16.336 [main] BaseClass - Setting Up the Browser
[INFO ] 2022-07-30 11:14:16.364 [main] BaseClass - Extent Report Test 1 is created
[INFO ] 2022-07-30 11:14:16.370 [main] BaseClass - Extent Report Test 2 is created
[INFO ] 2022-07-30 11:14:16.371 [main] BaseClass - Extent Report Test 3 is created
[INFO ] 2022-07-30 11:14:16.372 [main] BaseClass - Extent Report Test 4 is created
[INFO ] 2022-07-30 11:14:16.372 [main] BaseClass - Extent Report Test 5 is created
[INFO ] 2022-07-30 11:14:16.372 [main] BaseClass - Extent Report Test 6 is created
[INFO ] 2022-07-30 11:14:16.373 [main] BaseClass - Extent Report Test 7 is created
[INFO ] 2022-07-30 11:14:16.373 [main] BaseClass - Extent Report Test 8 is created
[INFO ] 2022-07-30 11:14:16.373 [main] BaseClass - Extent Report Test 9 is created
[INFO ] 2022-07-30 11:14:21.428 [main] BaseClass - Test 1 Matches
[INFO ] 2022-07-30 11:14:29.664 [main] BaseClass - Test 4 Matches
[INFO ] 2022-07-30 11:14:40.306 [main] BaseClass - Test 5 Matches
[INFO ] 2022-07-30 11:14:55.589 [main] BaseClass - Test 6 Matches
[INFO ] 2022-07-30 11:15:05.993 [main] BaseClass - Test 7 Matches
[INFO ] 2022-07-30 11:15:12.895 [main] BaseClass - Test 8 Matches
[INFO ] 2022-07-30 11:15:21.301 [main] BaseClass - Test 9 Matches
[INFO ] 2022-07-30 11:15:40.019 [main] BaseClass - Test 2 Matches
[INFO ] 2022-07-30 11:15:59.095 [main] BaseClass - Test Case Passed
[INFO ] 2022-07-30 11:15:59.725 [main] BaseClass - Extent Report Finish
[INFO ] 2022-07-30 11:20:50.827 [main] BaseClass - Initializing all the Methods
[INFO ] 2022-07-30 11:20:57.024 [main] BaseClass - Setting Up the Browser
[INFO ] 2022-07-30 11:20:57.052 [main] BaseClass - Extent Report Test 1 is created
[INFO ] 2022-07-30 11:20:57.060 [main] BaseClass - Extent Report Test 2 is created
[INFO ] 2022-07-30 11:20:57.061 [main] BaseClass - Extent Report Test 3 is created
[INFO ] 2022-07-30 11:20:57.061 [main] BaseClass - Extent Report Test 4 is created
[INFO ] 2022-07-30 11:20:57.062 [main] BaseClass - Extent Report Test 5 is created
[INFO ] 2022-07-30 11:20:57.062 [main] BaseClass - Extent Report Test 6 is created
[INFO ] 2022-07-30 11:20:57.062 [main] BaseClass - Extent Report Test 7 is created
[INFO ] 2022-07-30 11:20:57.063 [main] BaseClass - Extent Report Test 8 is created
[INFO ] 2022-07-30 11:20:57.063 [main] BaseClass - Extent Report Test 9 is created
[INFO ] 2022-07-30 11:21:06.276 [main] BaseClass - Test 1 Matches
[INFO ] 2022-07-30 11:21:24.416 [main] BaseClass - Test 4 Matches
[INFO ] 2022-07-30 11:21:35.245 [main] BaseClass - Test 5 Matches
[INFO ] 2022-07-30 11:21:50.128 [main] BaseClass - Test 6 Matches
[INFO ] 2022-07-30 11:22:00.667 [main] BaseClass - Test 7 Matches
[INFO ] 2022-07-30 11:22:07.398 [main] BaseClass - Test 8 Matches
[INFO ] 2022-07-30 11:22:16.071 [main] BaseClass - Test 9 Matches
[INFO ] 2022-07-30 11:22:34.530 [main] BaseClass - Test 2 Matches
[INFO ] 2022-07-30 11:22:53.678 [main] BaseClass - Test Case Passed
[INFO ] 2022-07-30 11:22:54.272 [main] BaseClass - Extent Report Finish
[INFO ] 2022-07-30 11:27:00.124 [main] BaseClass - Initializing all the Methods
[INFO ] 2022-07-30 11:27:06.126 [main] BaseClass - Setting Up the Browser
[INFO ] 2022-07-30 11:27:06.153 [main] BaseClass - Extent Report Test 1 is created
[INFO ] 2022-07-30 11:27:06.160 [main] BaseClass - Extent Report Test 2 is created
[INFO ] 2022-07-30 11:27:06.161 [main] BaseClass - Extent Report Test 3 is created
[INFO ] 2022-07-30 11:27:06.161 [main] BaseClass - Extent Report Test 4 is created
[INFO ] 2022-07-30 11:27:06.162 [main] BaseClass - Extent Report Test 5 is created
[INFO ] 2022-07-30 11:27:06.162 [main] BaseClass - Extent Report Test 6 is created
[INFO ] 2022-07-30 11:27:06.162 [main] BaseClass - Extent Report Test 7 is created
[INFO ] 2022-07-30 11:27:06.163 [main] BaseClass - Extent Report Test 8 is created
[INFO ] 2022-07-30 11:27:06.163 [main] BaseClass - Extent Report Test 9 is created
[INFO ] 2022-07-30 11:27:11.197 [main] BaseClass - Test 1 Matches
[INFO ] 2022-07-30 11:27:19.258 [main] BaseClass - Test 4 Matches
[WARN ] 2022-07-30 11:27:50.521 [main] BaseClass - This test case failed
[INFO ] 2022-07-30 11:27:51.048 [main] BaseClass - Extent Report Finish
[INFO ] 2022-07-30 11:28:52.542 [main] BaseClass - Initializing all the Methods
[INFO ] 2022-07-30 11:28:59.233 [main] BaseClass - Setting Up the Browser
[INFO ] 2022-07-30 11:28:59.265 [main] BaseClass - Extent Report Test 1 is created
[INFO ] 2022-07-30 11:28:59.273 [main] BaseClass - Extent Report Test 2 is created
[INFO ] 2022-07-30 11:28:59.274 [main] BaseClass - Extent Report Test 3 is created
[INFO ] 2022-07-30 11:28:59.275 [main] BaseClass - Extent Report Test 4 is created
[INFO ] 2022-07-30 11:28:59.275 [main] BaseClass - Extent Report Test 5 is created
[INFO ] 2022-07-30 11:28:59.275 [main] BaseClass - Extent Report Test 6 is created
[INFO ] 2022-07-30 11:28:59.275 [main] BaseClass - Extent Report Test 7 is created
[INFO ] 2022-07-30 11:28:59.276 [main] BaseClass - Extent Report Test 8 is created
[INFO ] 2022-07-30 11:28:59.276 [main] BaseClass - Extent Report Test 9 is created
[INFO ] 2022-07-30 11:29:04.163 [main] BaseClass - Test 1 Matches
[INFO ] 2022-07-30 11:30:43.440 [main] BaseClass - Extent Report Finish
[INFO ] 2022-07-30 11:31:09.160 [main] BaseClass - Initializing all the Methods
[INFO ] 2022-07-30 11:31:15.137 [main] BaseClass - Setting Up the Browser
[INFO ] 2022-07-30 11:31:15.163 [main] BaseClass - Extent Report Test 1 is created
[INFO ] 2022-07-30 11:31:15.171 [main] BaseClass - Extent Report Test 2 is created
[INFO ] 2022-07-30 11:31:15.172 [main] BaseClass - Extent Report Test 3 is created
[INFO ] 2022-07-30 11:31:15.172 [main] BaseClass - Extent Report Test 4 is created
[INFO ] 2022-07-30 11:31:15.173 [main] BaseClass - Extent Report Test 5 is created
[INFO ] 2022-07-30 11:31:15.173 [main] BaseClass - Extent Report Test 6 is created
[INFO ] 2022-07-30 11:31:15.173 [main] BaseClass - Extent Report Test 7 is created
[INFO ] 2022-07-30 11:31:15.174 [main] BaseClass - Extent Report Test 8 is created
[INFO ] 2022-07-30 11:31:15.174 [main] BaseClass - Extent Report Test 9 is created
[INFO ] 2022-07-30 11:31:22.613 [main] BaseClass - Test 1 Matches
[INFO ] 2022-07-30 11:31:40.788 [main] BaseClass - Test 4 Matches
[INFO ] 2022-07-30 11:31:51.140 [main] BaseClass - Test 5 Matches
[INFO ] 2022-07-30 11:32:06.508 [main] BaseClass - Test 6 Matches
[INFO ] 2022-07-30 11:32:16.651 [main] BaseClass - Test 7 Matches
[INFO ] 2022-07-30 11:32:23.399 [main] BaseClass - Test 8 Matches
[INFO ] 2022-07-30 11:32:31.772 [main] BaseClass - Test 9 Matches
[INFO ] 2022-07-30 11:32:50.308 [main] BaseClass - Test 2 Matches
[INFO ] 2022-07-30 11:33:09.403 [main] BaseClass - Test Case Passed
[INFO ] 2022-07-30 11:33:10.041 [main] BaseClass - Extent Report Finish
[INFO ] 2022-07-30 11:34:03.601 [main] BaseClass - Initializing all the Methods
[INFO ] 2022-07-30 11:34:10.605 [main] BaseClass - Setting Up the Browser
[INFO ] 2022-07-30 11:34:10.634 [main] BaseClass - Extent Report Test 1 is created
[INFO ] 2022-07-30 11:34:10.642 [main] BaseClass - Extent Report Test 2 is created
[INFO ] 2022-07-30 11:34:10.643 [main] BaseClass - Extent Report Test 3 is created
[INFO ] 2022-07-30 11:34:10.643 [main] BaseClass - Extent Report Test 4 is created
[INFO ] 2022-07-30 11:34:10.644 [main] BaseClass - Extent Report Test 5 is created
[INFO ] 2022-07-30 11:34:10.645 [main] BaseClass - Extent Report Test 6 is created
[INFO ] 2022-07-30 11:34:10.645 [main] BaseClass - Extent Report Test 7 is created
[INFO ] 2022-07-30 11:34:10.646 [main] BaseClass - Extent Report Test 8 is created
[INFO ] 2022-07-30 11:34:10.646 [main] BaseClass - Extent Report Test 9 is created
[INFO ] 2022-07-30 11:34:16.048 [main] BaseClass - Test 1 Matches
[WARN ] 2022-07-30 11:34:22.066 [main] BaseClass - This test case failed
[INFO ] 2022-07-30 11:34:22.576 [main] BaseClass - Extent Report Finish
[INFO ] 2022-07-30 11:34:40.492 [main] BaseClass - Initializing all the Methods
[INFO ] 2022-07-30 11:34:44.002 [main] BaseClass - Setting Up the Browser
[INFO ] 2022-07-30 11:34:44.041 [main] BaseClass - Extent Report Test 1 is created
[INFO ] 2022-07-30 11:34:44.054 [main] BaseClass - Extent Report Test 2 is created
[INFO ] 2022-07-30 11:34:44.056 [main] BaseClass - Extent Report Test 3 is created
[INFO ] 2022-07-30 11:34:44.058 [main] BaseClass - Extent Report Test 4 is created
[INFO ] 2022-07-30 11:34:44.059 [main] BaseClass - Extent Report Test 5 is created
[INFO ] 2022-07-30 11:34:44.059 [main] BaseClass - Extent Report Test 6 is created
[INFO ] 2022-07-30 11:34:44.060 [main] BaseClass - Extent Report Test 7 is created
[INFO ] 2022-07-30 11:34:44.061 [main] BaseClass - Extent Report Test 8 is created
[INFO ] 2022-07-30 11:34:44.061 [main] BaseClass - Extent Report Test 9 is created
[INFO ] 2022-07-30 11:34:51.043 [main] BaseClass - Test 1 Matches
[INFO ] 2022-07-30 11:34:59.549 [main] BaseClass - Test 4 Matches
[WARN ] 2022-07-30 11:35:17.669 [main] BaseClass - This test case failed
[INFO ] 2022-07-30 11:35:18.160 [main] BaseClass - Extent Report Finish
[INFO ] 2022-07-30 11:35:52.747 [main] BaseClass - Initializing all the Methods
[INFO ] 2022-07-30 11:35:57.506 [main] BaseClass - Setting Up the Browser
[INFO ] 2022-07-30 11:35:57.537 [main] BaseClass - Extent Report Test 1 is created
[INFO ] 2022-07-30 11:35:57.543 [main] BaseClass - Extent Report Test 2 is created
[INFO ] 2022-07-30 11:35:57.544 [main] BaseClass - Extent Report Test 3 is created
[INFO ] 2022-07-30 11:35:57.544 [main] BaseClass - Extent Report Test 4 is created
[INFO ] 2022-07-30 11:35:57.544 [main] BaseClass - Extent Report Test 5 is created
[INFO ] 2022-07-30 11:35:57.545 [main] BaseClass - Extent Report Test 6 is created
[INFO ] 2022-07-30 11:35:57.545 [main] BaseClass - Extent Report Test 7 is created
[INFO ] 2022-07-30 11:35:57.545 [main] BaseClass - Extent Report Test 8 is created
[INFO ] 2022-07-30 11:35:57.546 [main] BaseClass - Extent Report Test 9 is created
[INFO ] 2022-07-30 11:36:01.954 [main] BaseClass - Test 1 Matches
[INFO ] 2022-07-30 11:36:10.087 [main] BaseClass - Test 4 Matches
[WARN ] 2022-07-30 11:36:28.500 [main] BaseClass - This test case failed
[INFO ] 2022-07-30 11:36:28.984 [main] BaseClass - Extent Report Finish
[INFO ] 2022-07-30 11:37:25.202 [main] BaseClass - Initializing all the Methods
[INFO ] 2022-07-30 11:37:30.105 [main] BaseClass - Setting Up the Browser
[INFO ] 2022-07-30 11:37:30.157 [main] BaseClass - Extent Report Test 1 is created
[INFO ] 2022-07-30 11:37:30.173 [main] BaseClass - Extent Report Test 2 is created
[INFO ] 2022-07-30 11:37:30.175 [main] BaseClass - Extent Report Test 3 is created
[INFO ] 2022-07-30 11:37:30.177 [main] BaseClass - Extent Report Test 4 is created
[INFO ] 2022-07-30 11:37:30.179 [main] BaseClass - Extent Report Test 5 is created
[INFO ] 2022-07-30 11:37:30.180 [main] BaseClass - Extent Report Test 6 is created
[INFO ] 2022-07-30 11:37:30.180 [main] BaseClass - Extent Report Test 7 is created
[INFO ] 2022-07-30 11:37:30.181 [main] BaseClass - Extent Report Test 8 is created
[INFO ] 2022-07-30 11:37:30.181 [main] BaseClass - Extent Report Test 9 is created
[INFO ] 2022-07-30 11:37:34.670 [main] BaseClass - Test 1 Matches
[INFO ] 2022-07-30 11:37:43.022 [main] BaseClass - Test 5 Matches
[INFO ] 2022-07-30 11:37:58.002 [main] BaseClass - Test 6 Matches
[INFO ] 2022-07-30 11:38:08.048 [main] BaseClass - Test 7 Matches
[INFO ] 2022-07-30 11:38:14.981 [main] BaseClass - Test 8 Matches
[INFO ] 2022-07-30 11:38:23.728 [main] BaseClass - Test 9 Matches
[INFO ] 2022-07-30 11:38:42.266 [main] BaseClass - Test 2 Matches
[INFO ] 2022-07-30 11:39:01.305 [main] BaseClass - Test Case Passed
[INFO ] 2022-07-30 11:39:02.004 [main] BaseClass - Extent Report Finish
[INFO ] 2022-07-30 11:41:09.486 [main] BaseClass - Initializing all the Methods
[INFO ] 2022-07-30 11:41:12.994 [main] BaseClass - Setting Up the Browser
[INFO ] 2022-07-30 11:41:13.088 [main] BaseClass - Extent Report Test 1 is created
[INFO ] 2022-07-30 11:41:13.109 [main] BaseClass - Extent Report Test 2 is created
[INFO ] 2022-07-30 11:41:13.116 [main] BaseClass - Extent Report Test 3 is created
[INFO ] 2022-07-30 11:41:13.118 [main] BaseClass - Extent Report Test 4 is created
[INFO ] 2022-07-30 11:41:13.123 [main] BaseClass - Extent Report Test 5 is created
[INFO ] 2022-07-30 11:41:13.124 [main] BaseClass - Extent Report Test 6 is created
[INFO ] 2022-07-30 11:41:13.126 [main] BaseClass - Extent Report Test 7 is created
[INFO ] 2022-07-30 11:41:13.129 [main] BaseClass - Extent Report Test 8 is created
[INFO ] 2022-07-30 11:41:13.130 [main] BaseClass - Extent Report Test 9 is created
[INFO ] 2022-07-30 11:41:13.308 [main] BaseClass - Extent Report Finish
[INFO ] 2022-07-30 14:01:54.177 [main] BaseClass - Initializing all the Methods
[INFO ] 2022-07-30 14:02:02.419 [main] BaseClass - Setting Up the Browser
[INFO ] 2022-07-30 14:02:02.443 [main] BaseClass - Extent Report Test 1 is created
[INFO ] 2022-07-30 14:02:02.451 [main] BaseClass - Extent Report Test 2 is created
[INFO ] 2022-07-30 14:02:02.452 [main] BaseClass - Extent Report Test 3 is created
[INFO ] 2022-07-30 14:02:02.453 [main] BaseClass - Extent Report Test 4 is created
[INFO ] 2022-07-30 14:02:02.453 [main] BaseClass - Extent Report Test 5 is created
[INFO ] 2022-07-30 14:02:02.453 [main] BaseClass - Extent Report Test 6 is created
[INFO ] 2022-07-30 14:02:02.454 [main] BaseClass - Extent Report Test 7 is created
[INFO ] 2022-07-30 14:02:02.454 [main] BaseClass - Extent Report Test 8 is created
[INFO ] 2022-07-30 14:02:02.454 [main] BaseClass - Extent Report Test 9 is created
[INFO ] 2022-07-30 14:02:10.026 [main] BaseClass - Test 1 Matches
[INFO ] 2022-07-30 14:02:20.400 [main] BaseClass - Test 5 Matches
[INFO ] 2022-07-30 14:02:35.948 [main] BaseClass - Test 6 Matches
[INFO ] 2022-07-30 14:02:46.926 [main] BaseClass - Test 7 Matches
[INFO ] 2022-07-30 14:02:53.611 [main] BaseClass - Test 8 Matches
[INFO ] 2022-07-30 14:03:02.329 [main] BaseClass - Test 9 Matches
[INFO ] 2022-07-30 14:03:21.049 [main] BaseClass - Test 2 Matches
[INFO ] 2022-07-30 14:03:39.945 [main] BaseClass - Test Case Passed
[INFO ] 2022-07-30 14:03:40.584 [main] BaseClass - Extent Report Finish
[INFO ] 2022-07-30 17:10:40.876 [main] BaseClass - Initializing all the Methods
[INFO ] 2022-07-30 17:10:47.037 [main] BaseClass - Setting Up the Browser
[INFO ] 2022-07-30 17:10:47.068 [main] BaseClass - Extent Report Test 1 is created
[INFO ] 2022-07-30 17:10:47.076 [main] BaseClass - Extent Report Test 2 is created
[INFO ] 2022-07-30 17:10:47.077 [main] BaseClass - Extent Report Test 3 is created
[INFO ] 2022-07-30 17:10:47.077 [main] BaseClass - Extent Report Test 4 is created
[INFO ] 2022-07-30 17:10:47.077 [main] BaseClass - Extent Report Test 5 is created
[INFO ] 2022-07-30 17:10:47.078 [main] BaseClass - Extent Report Test 6 is created
[INFO ] 2022-07-30 17:10:47.078 [main] BaseClass - Extent Report Test 7 is created
[INFO ] 2022-07-30 17:10:47.078 [main] BaseClass - Extent Report Test 8 is created
[INFO ] 2022-07-30 17:10:47.079 [main] BaseClass - Extent Report Test 9 is created
[INFO ] 2022-07-30 17:10:54.948 [main] BaseClass - Test 1 Matches
[INFO ] 2022-07-30 17:11:05.668 [main] BaseClass - Test 5 Matches
[INFO ] 2022-07-30 17:11:21.027 [main] BaseClass - Test 6 Matches
[INFO ] 2022-07-30 17:11:32.130 [main] BaseClass - Test 7 Matches
[INFO ] 2022-07-30 17:11:38.944 [main] BaseClass - Test 8 Matches
[INFO ] 2022-07-30 17:11:47.430 [main] BaseClass - Test 9 Matches
[INFO ] 2022-07-30 17:12:06.204 [main] BaseClass - Test 2 Matches
[INFO ] 2022-07-30 17:12:25.212 [main] BaseClass - Test Case Passed
[INFO ] 2022-07-30 17:12:25.857 [main] BaseClass - Extent Report Finish
[INFO ] 2022-07-31 16:42:02.198 [main] BaseClass - Initializing all the Methods
[INFO ] 2022-07-31 16:42:15.522 [main] BaseClass - Setting Up the Browser
[INFO ] 2022-07-31 16:42:15.632 [main] BaseClass - Extent Report Test 1 is created
[INFO ] 2022-07-31 16:42:15.675 [main] BaseClass - Extent Report Test 2 is created
[INFO ] 2022-07-31 16:42:15.679 [main] BaseClass - Extent Report Test 3 is created
[INFO ] 2022-07-31 16:42:15.682 [main] BaseClass - Extent Report Test 4 is created
[INFO ] 2022-07-31 16:42:15.684 [main] BaseClass - Extent Report Test 5 is created
[INFO ] 2022-07-31 16:42:15.686 [main] BaseClass - Extent Report Test 6 is created
[INFO ] 2022-07-31 16:42:15.688 [main] BaseClass - Extent Report Test 7 is created
[INFO ] 2022-07-31 16:42:15.690 [main] BaseClass - Extent Report Test 8 is created
[INFO ] 2022-07-31 16:42:15.693 [main] BaseClass - Extent Report Test 9 is created
[INFO ] 2022-07-31 16:42:27.465 [main] BaseClass - Test 1 Matches
[INFO ] 2022-07-31 16:42:43.768 [main] BaseClass - Test 5 Matches
[INFO ] 2022-07-31 16:43:06.207 [main] BaseClass - Test 6 Matches
[INFO ] 2022-07-31 16:43:22.299 [main] BaseClass - Test 7 Matches
[INFO ] 2022-07-31 16:43:30.939 [main] BaseClass - Test 8 Matches
[INFO ] 2022-07-31 16:43:43.198 [main] BaseClass - Test 9 Matches
[INFO ] 2022-07-31 16:44:04.292 [main] BaseClass - Test 2 Matches
[INFO ] 2022-07-31 16:44:28.563 [main] BaseClass - Test Case Passed
[INFO ] 2022-07-31 16:44:29.599 [main] BaseClass - Extent Report Finish
[INFO ] 2022-07-31 16:49:36.241 [main] BaseClass - Initializing all the Methods
[INFO ] 2022-07-31 16:49:47.651 [main] BaseClass - Setting Up the Browser
[INFO ] 2022-07-31 16:49:47.712 [main] BaseClass - Extent Report Test 1 is created
[INFO ] 2022-07-31 16:49:47.731 [main] BaseClass - Extent Report Test 2 is created
[INFO ] 2022-07-31 16:49:47.733 [main] BaseClass - Extent Report Test 3 is created
[INFO ] 2022-07-31 16:49:47.734 [main] BaseClass - Extent Report Test 4 is created
[INFO ] 2022-07-31 16:49:47.736 [main] BaseClass - Extent Report Test 5 is created
[INFO ] 2022-07-31 16:49:47.737 [main] BaseClass - Extent Report Test 6 is created
[INFO ] 2022-07-31 16:49:47.738 [main] BaseClass - Extent Report Test 7 is created
[INFO ] 2022-07-31 16:49:47.739 [main] BaseClass - Extent Report Test 8 is created
[INFO ] 2022-07-31 16:49:47.742 [main] BaseClass - Extent Report Test 9 is created
[INFO ] 2022-07-31 16:50:00.391 [main] BaseClass - Test 1 Matches
[INFO ] 2022-07-31 16:50:21.372 [main] BaseClass - Test 4 Matches
[INFO ] 2022-07-31 16:50:21.917 [main] BaseClass - Test 4 Matches
[WARN ] 2022-07-31 16:50:43.688 [main] BaseClass - This test case failed
[INFO ] 2022-07-31 16:50:44.615 [main] BaseClass - Extent Report Finish
[INFO ] 2022-07-31 16:51:37.887 [main] BaseClass - Initializing all the Methods
[INFO ] 2022-07-31 16:51:45.901 [main] BaseClass - Setting Up the Browser
[INFO ] 2022-07-31 16:51:45.968 [main] BaseClass - Extent Report Test 1 is created
[INFO ] 2022-07-31 16:51:45.988 [main] BaseClass - Extent Report Test 2 is created
[INFO ] 2022-07-31 16:51:45.989 [main] BaseClass - Extent Report Test 3 is created
[INFO ] 2022-07-31 16:51:45.990 [main] BaseClass - Extent Report Test 4 is created
[INFO ] 2022-07-31 16:51:45.992 [main] BaseClass - Extent Report Test 5 is created
[INFO ] 2022-07-31 16:51:45.993 [main] BaseClass - Extent Report Test 6 is created
[INFO ] 2022-07-31 16:51:45.997 [main] BaseClass - Extent Report Test 7 is created
[INFO ] 2022-07-31 16:51:45.998 [main] BaseClass - Extent Report Test 8 is created
[INFO ] 2022-07-31 16:51:46.001 [main] BaseClass - Extent Report Test 9 is created
[INFO ] 2022-07-31 16:51:53.586 [main] BaseClass - Test 1 Matches
[WARN ] 2022-07-31 16:52:13.749 [main] BaseClass - This test case failed
[INFO ] 2022-07-31 16:52:14.651 [main] BaseClass - Extent Report Finish
[INFO ] 2022-07-31 16:52:49.643 [main] BaseClass - Initializing all the Methods
[INFO ] 2022-07-31 16:52:55.106 [main] BaseClass - Setting Up the Browser
[INFO ] 2022-07-31 16:52:55.173 [main] BaseClass - Extent Report Test 1 is created
[INFO ] 2022-07-31 16:52:55.191 [main] BaseClass - Extent Report Test 2 is created
[INFO ] 2022-07-31 16:52:55.193 [main] BaseClass - Extent Report Test 3 is created
[INFO ] 2022-07-31 16:52:55.194 [main] BaseClass - Extent Report Test 4 is created
[INFO ] 2022-07-31 16:52:55.195 [main] BaseClass - Extent Report Test 5 is created
[INFO ] 2022-07-31 16:52:55.196 [main] BaseClass - Extent Report Test 6 is created
[INFO ] 2022-07-31 16:52:55.197 [main] BaseClass - Extent Report Test 7 is created
[INFO ] 2022-07-31 16:52:55.199 [main] BaseClass - Extent Report Test 8 is created
[INFO ] 2022-07-31 16:52:55.199 [main] BaseClass - Extent Report Test 9 is created
[INFO ] 2022-07-31 16:53:03.616 [main] BaseClass - Test 1 Matches
[INFO ] 2022-07-31 16:53:15.082 [main] BaseClass - Test 5 Matches
[INFO ] 2022-07-31 16:53:32.954 [main] BaseClass - Test 6 Matches
[INFO ] 2022-07-31 16:53:47.028 [main] BaseClass - Test 7 Matches
[INFO ] 2022-07-31 16:53:55.025 [main] BaseClass - Test 8 Matches
[INFO ] 2022-07-31 16:54:06.473 [main] BaseClass - Test 9 Matches
[INFO ] 2022-07-31 16:54:27.874 [main] BaseClass - Test 2 Matches
[INFO ] 2022-07-31 16:54:45.323 [main] BaseClass - Test 3 Matches
[INFO ] 2022-07-31 16:55:05.041 [main] BaseClass - Test 4 Matches
[INFO ] 2022-07-31 16:55:05.443 [main] BaseClass - Test 4 Matches
[INFO ] 2022-07-31 16:55:13.393 [main] BaseClass - Test Case Passed
[INFO ] 2022-07-31 16:55:14.596 [main] BaseClass - Extent Report Finish
[INFO ] 2022-07-31 18:40:45.451 [main] BaseClass - Initializing all the Methods
[INFO ] 2022-07-31 18:40:53.439 [main] BaseClass - Setting Up the Browser
[INFO ] 2022-07-31 18:40:53.516 [main] BaseClass - Extent Report Test 1 is created
[INFO ] 2022-07-31 18:40:53.541 [main] BaseClass - Extent Report Test 2 is created
[INFO ] 2022-07-31 18:40:53.543 [main] BaseClass - Extent Report Test 3 is created
[INFO ] 2022-07-31 18:40:53.546 [main] BaseClass - Extent Report Test 4 is created
[INFO ] 2022-07-31 18:40:53.546 [main] BaseClass - Extent Report Test 5 is created
[INFO ] 2022-07-31 18:40:53.548 [main] BaseClass - Extent Report Test 6 is created
[INFO ] 2022-07-31 18:40:53.549 [main] BaseClass - Extent Report Test 7 is created
[INFO ] 2022-07-31 18:40:53.551 [main] BaseClass - Extent Report Test 8 is created
[INFO ] 2022-07-31 18:40:53.553 [main] BaseClass - Extent Report Test 9 is created
[INFO ] 2022-07-31 18:41:03.802 [main] BaseClass - Test 1 Matches
[INFO ] 2022-07-31 18:41:14.459 [main] BaseClass - Test 5 Matches
[INFO ] 2022-07-31 18:41:31.525 [main] BaseClass - Test 6 Matches
[INFO ] 2022-07-31 18:41:46.134 [main] BaseClass - Test 7 Matches
[INFO ] 2022-07-31 18:41:54.607 [main] BaseClass - Test 8 Matches
[INFO ] 2022-07-31 18:42:06.159 [main] BaseClass - Test 9 Matches
[INFO ] 2022-07-31 18:42:27.077 [main] BaseClass - Test 2 Matches
[INFO ] 2022-07-31 18:42:43.764 [main] BaseClass - Test 3 Matches
[INFO ] 2022-07-31 18:43:03.847 [main] BaseClass - Test 4 Matches
[INFO ] 2022-07-31 18:43:04.359 [main] BaseClass - Test 4 Matches
[INFO ] 2022-07-31 18:43:11.879 [main] BaseClass - Test Case Passed
[INFO ] 2022-07-31 18:43:12.796 [main] BaseClass - Extent Report Finish
[INFO ] 2022-08-01 00:13:53.910 [main] BaseClass - Initializing all the Methods
[INFO ] 2022-08-01 00:14:02.642 [main] BaseClass - Setting Up the Browser
[INFO ] 2022-08-01 00:14:02.762 [main] BaseClass - Extent Report Test 1 is created
[INFO ] 2022-08-01 00:14:02.798 [main] BaseClass - Extent Report Test 2 is created
[INFO ] 2022-08-01 00:14:02.803 [main] BaseClass - Extent Report Test 3 is created
[INFO ] 2022-08-01 00:14:02.806 [main] BaseClass - Extent Report Test 4 is created
[INFO ] 2022-08-01 00:14:02.808 [main] BaseClass - Extent Report Test 5 is created
[INFO ] 2022-08-01 00:14:02.810 [main] BaseClass - Extent Report Test 6 is created
[INFO ] 2022-08-01 00:14:02.812 [main] BaseClass - Extent Report Test 7 is created
[INFO ] 2022-08-01 00:14:02.814 [main] BaseClass - Extent Report Test 8 is created
[INFO ] 2022-08-01 00:14:02.816 [main] BaseClass - Extent Report Test 9 is created
[INFO ] 2022-08-01 00:14:09.798 [main] BaseClass - Test 1 Matches
[INFO ] 2022-08-01 00:14:24.558 [main] BaseClass - Test 5 Matches
[INFO ] 2022-08-01 00:14:41.511 [main] BaseClass - Test 6 Matches
[INFO ] 2022-08-01 00:14:54.645 [main] BaseClass - Test 7 Matches
[INFO ] 2022-08-01 00:15:02.877 [main] BaseClass - Test 8 Matches
[INFO ] 2022-08-01 00:15:14.125 [main] BaseClass - Test 9 Matches
[INFO ] 2022-08-01 00:15:35.417 [main] BaseClass - Test 2 Matches
[INFO ] 2022-08-01 00:15:51.940 [main] BaseClass - Test 3 Matches
[INFO ] 2022-08-01 00:16:11.008 [main] BaseClass - Test 4 Matches
[INFO ] 2022-08-01 00:16:11.391 [main] BaseClass - Test 4 Matches
[INFO ] 2022-08-01 00:16:19.019 [main] BaseClass - Test Case Passed
[INFO ] 2022-08-01 00:16:19.984 [main] BaseClass - Extent Report Finish
[INFO ] 2022-08-01 00:17:07.265 [main] BaseClass - Initializing all the Methods
[INFO ] 2022-08-01 00:17:15.030 [main] BaseClass - Setting Up the Browser
[INFO ] 2022-08-01 00:17:15.081 [main] BaseClass - Extent Report Test 1 is created
[INFO ] 2022-08-01 00:17:15.099 [main] BaseClass - Extent Report Test 2 is created
[INFO ] 2022-08-01 00:17:15.102 [main] BaseClass - Extent Report Test 3 is created
[INFO ] 2022-08-01 00:17:15.103 [main] BaseClass - Extent Report Test 4 is created
[INFO ] 2022-08-01 00:17:15.105 [main] BaseClass - Extent Report Test 5 is created
[INFO ] 2022-08-01 00:17:15.106 [main] BaseClass - Extent Report Test 6 is created
[INFO ] 2022-08-01 00:17:15.107 [main] BaseClass - Extent Report Test 7 is created
[INFO ] 2022-08-01 00:17:15.108 [main] BaseClass - Extent Report Test 8 is created
[INFO ] 2022-08-01 00:17:15.109 [main] BaseClass - Extent Report Test 9 is created
[INFO ] 2022-08-01 00:17:22.982 [main] BaseClass - Test 1 Matches
[INFO ] 2022-08-01 00:17:37.362 [main] BaseClass - Test 5 Matches
[INFO ] 2022-08-01 00:17:55.143 [main] BaseClass - Test 6 Matches
[INFO ] 2022-08-01 00:18:09.968 [main] BaseClass - Test 7 Matches
[INFO ] 2022-08-01 00:18:18.092 [main] BaseClass - Test 8 Matches
[INFO ] 2022-08-01 00:18:29.376 [main] BaseClass - Test 9 Matches
[INFO ] 2022-08-01 00:18:50.981 [main] BaseClass - Test 2 Matches
[INFO ] 2022-08-01 00:19:08.548 [main] BaseClass - Test 3 Matches
[INFO ] 2022-08-01 00:19:27.888 [main] BaseClass - Test 4 Matches
[INFO ] 2022-08-01 00:19:28.356 [main] BaseClass - Test 4 Matches
[INFO ] 2022-08-01 00:19:36.162 [main] BaseClass - Test Case Passed
[INFO ] 2022-08-01 00:19:37.081 [main] BaseClass - Extent Report Finish
